<?xml version="1.0" encoding="UTF-8"?>
<!-- Generated by org.testng.reporters.JUnitReportReporter -->
<testsuite hostname="BSRUTHI-T490" failures="0" tests="1" name="com.operacloud.testcases.TC011_User_is_able_to_view_application_logs_via_settings" time="102.948" errors="0" timestamp="2021-05-03T17:11:42 IST" skipped="0">
  <testcase classname="com.operacloud.testcases.TC011_User_is_able_to_view_application_logs_via_settings" name="testToolBoxExportShell" time="102.948"/>
  <system-out/>
</testsuite> <!-- com.operacloud.testcases.TC011_User_is_able_to_view_application_logs_via_settings -->
