<?xml version="1.0" encoding="UTF-8"?>
<!-- Generated by org.testng.reporters.JUnitReportReporter -->
<testsuite hostname="BSRUTHI-T490" failures="0" tests="1" name="com.operacloud.testcases.TC004_ConfirmSettingsAreAccessible" time="79.292" errors="0" timestamp="2021-05-03T18:01:51 IST" skipped="0">
  <testcase classname="com.operacloud.testcases.TC004_ConfirmSettingsAreAccessible" name="testSettingsAccessible" time="79.292"/>
  <system-out/>
</testsuite> <!-- com.operacloud.testcases.TC004_ConfirmSettingsAreAccessible -->
