<?xml version="1.0" encoding="UTF-8"?>
<!-- Generated by org.testng.reporters.JUnitReportReporter -->
<testsuite hostname="BSRUTHI-T490" failures="0" tests="1" name="operacloud.testcases.TC017_Download_Report" time="125.924" errors="0" timestamp="2021-04-30T10:38:39 IST" skipped="0">
  <testcase classname="operacloud.testcases.TC017_Download_Report" name="testToolBoxExportShell" time="125.924"/>
  <system-out/>
</testsuite> <!-- operacloud.testcases.TC017_Download_Report -->
