<?xml version="1.0" encoding="UTF-8"?>
<!-- Generated by org.testng.reporters.JUnitReportReporter -->
<testsuite hostname="BSRUTHI-T490" failures="0" tests="10" name="com.operacloud.testcases.TC001_SmokeTesting" time="1164.023" errors="0" timestamp="2021-08-09T11:01:03 IST" skipped="0">
  <testcase classname="com.operacloud.testcases.TC001_SmokeTesting" name="changeLocation" time="119.839"/>
  <system-out/>
  <testcase classname="com.operacloud.testcases.TC001_SmokeTesting" name="testSettingsAccessible" time="95.103"/>
  <system-out/>
  <testcase classname="com.operacloud.testcases.TC001_SmokeTesting" name="testConfirmTilescanbeaddedtoOperaCloudDashboard" time="95.025"/>
  <system-out/>
  <testcase classname="com.operacloud.testcases.TC001_SmokeTesting" name="testUsercansuccessfullyclearapplicationcache" time="102.876"/>
  <system-out/>
  <testcase classname="com.operacloud.testcases.TC001_SmokeTesting" name="testValidatePrerequisiteConfigurationforEmailDelivery" time="129.169"/>
  <system-out/>
  <testcase classname="com.operacloud.testcases.TC001_SmokeTesting" name="testVerifyEnvironmentControlsIsAccessible" time="131.821"/>
  <system-out/>
  <testcase classname="com.operacloud.testcases.TC001_SmokeTesting" name="testToolBoxExportShell" time="137.003"/>
  <system-out/>
  <testcase classname="com.operacloud.testcases.TC001_SmokeTesting" name="verifyApplicationLogs" time="120.783"/>
  <system-out/>
  <testcase classname="com.operacloud.testcases.TC001_SmokeTesting" name="aboutOperacloud" time="99.975"/>
  <system-out/>
  <testcase classname="com.operacloud.testcases.TC001_SmokeTesting" name="confirmAllModulesAreAccessible" time="132.429"/>
  <system-out/>
</testsuite> <!-- com.operacloud.testcases.TC001_SmokeTesting -->
