<?xml version="1.0" encoding="UTF-8"?>
<!-- Generated by org.testng.reporters.JUnitReportReporter -->
<testsuite hostname="BSRUTHI-T490" failures="0" tests="1" name="operacloud.testcases.TC011_User_is_able_to_view_application_logs_via_settings" time="88.598" errors="0" timestamp="2021-04-29T16:32:55 IST" skipped="0">
  <testcase classname="operacloud.testcases.TC011_User_is_able_to_view_application_logs_via_settings" name="testToolBoxExportShell" time="88.598"/>
  <system-out/>
</testsuite> <!-- operacloud.testcases.TC011_User_is_able_to_view_application_logs_via_settings -->
