<?xml version="1.0" encoding="UTF-8"?>
<!-- Generated by org.testng.reporters.JUnitReportReporter -->
<testsuite hostname="BSRUTHI-T490" failures="0" tests="2" name="com.operacloud.testcases.Logout" time="149.085" errors="0" timestamp="2021-05-04T16:26:29 IST" skipped="0">
  <testcase classname="com.operacloud.testcases.Logout" name="changeLocation" time="102.174"/>
  <system-out/>
  <testcase classname="com.operacloud.testcases.Logout" name="testLogin" time="46.911"/>
  <system-out/>
</testsuite> <!-- com.operacloud.testcases.Logout -->
