<?xml version="1.0" encoding="UTF-8"?>
<!-- Generated by org.testng.reporters.JUnitReportReporter -->
<testsuite hostname="BSRUTHI-T490" failures="0" tests="6" name="com.operacloud.testcases.TC002_OperaCloudReportsAndExportTestCases" time="1929.536" errors="0" timestamp="2021-08-09T11:01:03 IST" skipped="0">
  <testcase classname="com.operacloud.testcases.TC002_OperaCloudReportsAndExportTestCases" name="downloadAReport" time="178.265"/>
  <system-out/>
  <testcase classname="com.operacloud.testcases.TC002_OperaCloudReportsAndExportTestCases" name="emailAReport" time="166.664"/>
  <system-out/>
  <testcase classname="com.operacloud.testcases.TC002_OperaCloudReportsAndExportTestCases" name="createShiftReport" time="565.076"/>
  <system-out/>
  <testcase classname="com.operacloud.testcases.TC002_OperaCloudReportsAndExportTestCases" name="previewMultipleReports" time="423.424"/>
  <system-out/>
  <testcase classname="com.operacloud.testcases.TC002_OperaCloudReportsAndExportTestCases" name="createScheduledReport" time="293.143"/>
  <system-out/>
  <testcase classname="com.operacloud.testcases.TC002_OperaCloudReportsAndExportTestCases" name="generateExport" time="302.964"/>
  <system-out/>
</testsuite> <!-- com.operacloud.testcases.TC002_OperaCloudReportsAndExportTestCases -->
