<?xml version="1.0" encoding="UTF-8"?>
<!-- Generated by org.testng.reporters.JUnitReportReporter -->
<testsuite hostname="BSRUTHI-T490" failures="0" tests="5" name="com.operacloud.testcases.TC018_OperaCloudReportsTestCases" time="1597.976" errors="0" timestamp="2021-08-02T19:54:19 IST" skipped="0">
  <testcase classname="com.operacloud.testcases.TC018_OperaCloudReportsTestCases" name="previewMultipleReports" time="424.046"/>
  <system-out/>
  <testcase classname="com.operacloud.testcases.TC018_OperaCloudReportsTestCases" name="downloadAReport" time="179.999"/>
  <system-out/>
  <testcase classname="com.operacloud.testcases.TC018_OperaCloudReportsTestCases" name="emailAReport" time="167.012"/>
  <system-out/>
  <testcase classname="com.operacloud.testcases.TC018_OperaCloudReportsTestCases" name="createShiftReport" time="564.887"/>
  <system-out/>
  <testcase classname="com.operacloud.testcases.TC018_OperaCloudReportsTestCases" name="createScheduledReport" time="262.032"/>
  <system-out/>
</testsuite> <!-- com.operacloud.testcases.TC018_OperaCloudReportsTestCases -->
