<?xml version="1.0" encoding="UTF-8"?>
<!-- Generated by org.testng.reporters.JUnitReportReporter -->
<testsuite hostname="BSRUTHI-T490" failures="0" tests="1" name="operacloud.testcases.TC007_VerifyHelpisaccessibleandfunctional" time="83.199" errors="0" timestamp="2021-04-29T16:32:55 IST" skipped="0">
  <testcase classname="operacloud.testcases.TC007_VerifyHelpisaccessibleandfunctional" name="testVerifyHelpisaccessibleandfunctional" time="83.199"/>
  <system-out/>
</testsuite> <!-- operacloud.testcases.TC007_VerifyHelpisaccessibleandfunctional -->
