<?xml version="1.0" encoding="UTF-8"?>
<!-- Generated by org.testng.reporters.JUnitReportReporter -->
<testsuite hostname="BSRUTHI-T490" failures="0" tests="5" name="com.operacloud.testcases.TC004_OperaCloudProfileTestCases" time="1180.198" errors="0" timestamp="2021-08-09T11:01:03 IST" skipped="0">
  <testcase classname="com.operacloud.testcases.TC004_OperaCloudProfileTestCases" name="createProfile" time="319.207"/>
  <system-out/>
  <testcase classname="com.operacloud.testcases.TC004_OperaCloudProfileTestCases" name="basicSearchProfile" time="150.080"/>
  <system-out/>
  <testcase classname="com.operacloud.testcases.TC004_OperaCloudProfileTestCases" name="advancedSearchProfile" time="163.633"/>
  <system-out/>
  <testcase classname="com.operacloud.testcases.TC004_OperaCloudProfileTestCases" name="addAttachmentTxtFile" time="277.458"/>
  <system-out/>
  <testcase classname="com.operacloud.testcases.TC004_OperaCloudProfileTestCases" name="addAttachmentImageFile" time="269.820"/>
  <system-out/>
</testsuite> <!-- com.operacloud.testcases.TC004_OperaCloudProfileTestCases -->
