<?xml version="1.0" encoding="UTF-8"?>
<!-- Generated by org.testng.reporters.JUnitReportReporter -->
<testsuite hostname="BSRUTHI-T490" failures="0" tests="1" name="operacloud.testcases.TC006_Usercansuccessfullyclearapplicationcache" time="76.888" errors="0" timestamp="2021-04-29T16:32:56 IST" skipped="0">
  <testcase classname="operacloud.testcases.TC006_Usercansuccessfullyclearapplicationcache" name="testUsercansuccessfullyclearapplicationcache" time="76.888"/>
  <system-out/>
</testsuite> <!-- operacloud.testcases.TC006_Usercansuccessfullyclearapplicationcache -->
