<?xml version="1.0" encoding="UTF-8"?>
<!-- Generated by org.testng.reporters.JUnitReportReporter -->
<testsuite hostname="BSRUTHI-T490" failures="0" tests="1" name="operacloud.testcases.TC010_ToolBox_ExportShell" time="114.167" errors="0" timestamp="2021-04-29T16:32:55 IST" skipped="0">
  <testcase classname="operacloud.testcases.TC010_ToolBox_ExportShell" name="testToolBoxExportShell" time="114.167"/>
  <system-out/>
</testsuite> <!-- operacloud.testcases.TC010_ToolBox_ExportShell -->
