<?xml version="1.0" encoding="UTF-8"?>
<!-- Generated by org.testng.reporters.JUnitReportReporter -->
<testsuite hostname="BSRUTHI-T490" failures="0" tests="1" name="operacloud.testcases.TC015_Preview_multiple_report" time="98.596" errors="0" timestamp="2021-04-29T18:52:39 IST" skipped="0">
  <testcase classname="operacloud.testcases.TC015_Preview_multiple_report" name="testToolBoxExportShell" time="98.596"/>
  <system-out/>
</testsuite> <!-- operacloud.testcases.TC015_Preview_multiple_report -->
