<?xml version="1.0" encoding="UTF-8"?>
<!-- Generated by org.testng.reporters.JUnitReportReporter -->
<testsuite hostname="BSRUTHI-T490" failures="0" tests="1" name="com.operacloud.testcases.TC015_Preview_multiple_report" time="91.472" errors="0" timestamp="2021-05-01T15:19:50 IST" skipped="0">
  <testcase classname="com.operacloud.testcases.TC015_Preview_multiple_report" name="previewMultipleReports" time="91.472"/>
  <system-out/>
</testsuite> <!-- com.operacloud.testcases.TC015_Preview_multiple_report -->
