<?xml version="1.0" encoding="UTF-8"?>
<!-- Generated by org.testng.reporters.JUnitReportReporter -->
<testsuite hostname="BSRUTHI-T490" failures="0" tests="1" name="operacloud.testcases.TC013_ConfirmAllModulesAreAccessible" time="108.069" errors="0" timestamp="2021-04-29T16:32:56 IST" skipped="0">
  <testcase classname="operacloud.testcases.TC013_ConfirmAllModulesAreAccessible" name="testToolBoxExportShell" time="108.069"/>
  <system-out/>
</testsuite> <!-- operacloud.testcases.TC013_ConfirmAllModulesAreAccessible -->
