<?xml version="1.0" encoding="UTF-8"?>
<!-- Generated by org.testng.reporters.JUnitReportReporter -->
<testsuite hostname="BSRUTHI-T490" failures="0" tests="2" name="com.operacloud.testcases.TC002_Logout" time="154.340" errors="0" timestamp="2021-05-04T16:07:21 IST" skipped="0">
  <testcase classname="com.operacloud.testcases.TC002_Logout" name="changeLocation" time="106.074"/>
  <system-out/>
  <testcase classname="com.operacloud.testcases.TC002_Logout" name="testLogin" time="48.266"/>
  <system-out/>
</testsuite> <!-- com.operacloud.testcases.TC002_Logout -->
