<?xml version="1.0" encoding="UTF-8"?>
<!-- Generated by org.testng.reporters.JUnitReportReporter -->
<testsuite hostname="BSRUTHI-T490" failures="0" tests="1" name="com.operacloud.testcases.TC006_Usercansuccessfullyclearapplicationcache" time="87.347" errors="0" timestamp="2021-05-03T18:01:51 IST" skipped="0">
  <testcase classname="com.operacloud.testcases.TC006_Usercansuccessfullyclearapplicationcache" name="testUsercansuccessfullyclearapplicationcache" time="87.347"/>
  <system-out/>
</testsuite> <!-- com.operacloud.testcases.TC006_Usercansuccessfullyclearapplicationcache -->
