<?xml version="1.0" encoding="UTF-8"?>
<!-- Generated by org.testng.reporters.JUnitReportReporter -->
<testsuite hostname="BSRUTHI-T490" failures="0" tests="1" name="com.operacloud.testcases.TC017_Download_Report" time="152.737" errors="0" timestamp="2021-05-03T17:11:42 IST" skipped="0">
  <testcase classname="com.operacloud.testcases.TC017_Download_Report" name="testToolBoxExportShell" time="152.737"/>
  <system-out/>
</testsuite> <!-- com.operacloud.testcases.TC017_Download_Report -->
