<?xml version="1.0" encoding="UTF-8"?>
<!-- Generated by org.testng.reporters.JUnitReportReporter -->
<testsuite hostname="BSRUTHI-T490" failures="0" tests="3" name="com.operacloud.testcases.TestCases" time="230.164" errors="0" timestamp="2021-05-04T11:24:22 IST" skipped="0">
  <testcase classname="com.operacloud.testcases.TestCases" name="testLogin" time="46.721"/>
  <system-out/>
  <testcase classname="com.operacloud.testcases.TestCases" name="testSettingsAccessible" time="78.112"/>
  <system-out/>
  <testcase classname="com.operacloud.testcases.TestCases" name="changeLocation" time="105.331"/>
  <system-out/>
</testsuite> <!-- com.operacloud.testcases.TestCases -->
