<?xml version="1.0" encoding="UTF-8"?>
<!-- Generated by org.testng.reporters.JUnitReportReporter -->
<testsuite hostname="BSRUTHI-T490" failures="0" tests="1" name="com.operacloud.testcases.TC020_OperaCloudProfileTestCases" time="285.572" errors="0" timestamp="2021-08-03T12:45:34 IST" skipped="0">
  <testcase classname="com.operacloud.testcases.TC020_OperaCloudProfileTestCases" name="addAttachmentImageFile" time="285.572"/>
  <system-out/>
</testsuite> <!-- com.operacloud.testcases.TC020_OperaCloudProfileTestCases -->
