<?xml version="1.0" encoding="UTF-8"?>
<!-- Generated by org.testng.reporters.JUnitReportReporter -->
<testsuite hostname="BSRUTHI-T490" failures="0" tests="1" name="operacloud.testcases.TC001_Login" time="20.968" errors="0" timestamp="2021-04-27T15:54:10 IST" skipped="0">
  <testcase classname="operacloud.testcases.TC001_Login" name="testLogin" time="20.968"/>
  <system-out/>
</testsuite> <!-- operacloud.testcases.TC001_Login -->
