<?xml version="1.0" encoding="UTF-8"?>
<!-- Generated by org.testng.reporters.JUnitReportReporter -->
<testsuite hostname="BSRUTHI-T490" failures="0" tests="1" name="operacloud.testcases.TC005_Confirm_Tiles_can_be_added_to_Opera_Cloud_Dashboard" time="71.387" errors="0" timestamp="2021-04-29T16:32:55 IST" skipped="0">
  <testcase classname="operacloud.testcases.TC005_Confirm_Tiles_can_be_added_to_Opera_Cloud_Dashboard" name="testConfirmTilescanbeaddedtoOperaCloudDashboard" time="71.387"/>
  <system-out/>
</testsuite> <!-- operacloud.testcases.TC005_Confirm_Tiles_can_be_added_to_Opera_Cloud_Dashboard -->
