<?xml version="1.0" encoding="UTF-8"?>
<!-- Generated by org.testng.reporters.JUnitReportReporter -->
<testsuite hostname="BSRUTHI-T490" failures="0" tests="1" name="com.operacloud.testcases.TC007_VerifyHelpisaccessibleandfunctional" time="102.461" errors="0" timestamp="2021-05-03T17:11:42 IST" skipped="0">
  <testcase classname="com.operacloud.testcases.TC007_VerifyHelpisaccessibleandfunctional" name="testVerifyHelpisaccessibleandfunctional" time="102.461"/>
  <system-out/>
</testsuite> <!-- com.operacloud.testcases.TC007_VerifyHelpisaccessibleandfunctional -->
