<?xml version="1.0" encoding="UTF-8"?>
<!-- Generated by org.testng.reporters.JUnitReportReporter -->
<testsuite hostname="BSRUTHI-T490" failures="0" tests="1" name="com.operacloud.testcases.TC009_Verify_Environment_Controls_is_accessible" time="114.066" errors="0" timestamp="2021-05-03T17:11:42 IST" skipped="0">
  <testcase classname="com.operacloud.testcases.TC009_Verify_Environment_Controls_is_accessible" name="testVerifyEnvironmentControlsIsAccessible" time="114.066"/>
  <system-out/>
</testsuite> <!-- com.operacloud.testcases.TC009_Verify_Environment_Controls_is_accessible -->
