<?xml version="1.0" encoding="UTF-8"?>
<!-- Generated by org.testng.reporters.JUnitReportReporter -->
<testsuite hostname="BSRUTHI-T490" failures="0" tests="1" name="com.operacloud.testcases.TC008_Validate_Prerequisite_Configuration_for_Email_Delivery" time="111.456" errors="0" timestamp="2021-05-03T17:11:42 IST" skipped="0">
  <testcase classname="com.operacloud.testcases.TC008_Validate_Prerequisite_Configuration_for_Email_Delivery" name="testValidatePrerequisiteConfigurationforEmailDelivery" time="111.456"/>
  <system-out/>
</testsuite> <!-- com.operacloud.testcases.TC008_Validate_Prerequisite_Configuration_for_Email_Delivery -->
