<?xml version="1.0" encoding="UTF-8"?>
<!-- Generated by org.testng.reporters.JUnitReportReporter -->
<testsuite hostname="BSRUTHI-T490" failures="0" tests="1" name="com.operacloud.testcases.TC012_ConfirmUserCanViewAboutOperaCloudServerDetails" time="82.639" errors="0" timestamp="2021-05-03T17:11:42 IST" skipped="0">
  <testcase classname="com.operacloud.testcases.TC012_ConfirmUserCanViewAboutOperaCloudServerDetails" name="testToolBoxExportShell" time="82.639"/>
  <system-out/>
</testsuite> <!-- com.operacloud.testcases.TC012_ConfirmUserCanViewAboutOperaCloudServerDetails -->
